<?xml version="1.0" encoding="UTF-8"?>
<robot generator="Robot 5.0.1 (Python 3.10.0 on win32)" generated="20230628 15:22:53.418" rpa="false" schemaversion="3">
<suite id="s1" name="Tags" source="C:\Users\cham.zein\Documents\RF_perso\Bureau\Tags.robot">
<test id="s1-t1" name="Test Case 1" line="7">
<kw name="Log To Console" library="BuiltIn">
<arg>This is test case 1</arg>
<doc>Logs the given message to the console.</doc>
<status status="PASS" starttime="20230628 15:22:53.453" endtime="20230628 15:22:53.454"/>
</kw>
<tag>Smoke</tag>
<status status="PASS" starttime="20230628 15:22:53.449" endtime="20230628 15:22:53.454"/>
</test>
<test id="s1-t2" name="Test Case 4" line="19">
<kw name="Log To Console" library="BuiltIn">
<arg>This is test case 4</arg>
<doc>Logs the given message to the console.</doc>
<status status="PASS" starttime="20230628 15:22:53.456" endtime="20230628 15:22:53.457"/>
</kw>
<tag>Smoke</tag>
<status status="PASS" starttime="20230628 15:22:53.456" endtime="20230628 15:22:53.457"/>
</test>
<doc>Tags in Robot Framework</doc>
<status status="PASS" starttime="20230628 15:22:53.418" endtime="20230628 15:22:53.459"/>
</suite>
<statistics>
<total>
<stat pass="2" fail="0" skip="0">All Tests</stat>
</total>
<tag>
<stat pass="2" fail="0" skip="0">Smoke</stat>
</tag>
<suite>
<stat pass="2" fail="0" skip="0" id="s1" name="Tags">Tags</stat>
</suite>
</statistics>
<errors>
</errors>
</robot>
