<?xml version="1.0" encoding="UTF-8"?>
<robot generator="Robot 6.1 (Python 3.10.5 on win32)" generated="20230708 15:33:19.165" rpa="false" schemaversion="4">
<suite id="s1" name="Chatgpt Test Cases" source="d:\Sauvegarde travaux Cham\Robot_Framework\Robot_Framework_practice\chatgpt\chatgpt_test_cases.robot">
<test id="s1-t1" name="Test temporaire" line="69">
<kw name="Make sure that the API key is filled" library="api_key" type="SETUP">
<tag>api_key</tag>
<tag>filled_data</tag>
<tag>string_variable</tag>
<doc>We make sure that the API key is filled to connect to ChatGPT.</doc>
<kw name="Should Not Be Empty" library="BuiltIn">
<arg>${var_api_key}</arg>
<doc>Verifies that the given item is not empty.</doc>
<msg timestamp="20230708 15:33:19.729" level="INFO">Length is 51</msg>
<status status="PASS" starttime="20230708 15:33:19.729" endtime="20230708 15:33:19.734"/>
</kw>
<kw name="Should Be String" library="String">
<arg>${var_api_key}</arg>
<doc>Fails if the given ``item`` is not a string.</doc>
<status status="PASS" starttime="20230708 15:33:19.734" endtime="20230708 15:33:19.734"/>
</kw>
<kw name="Log" library="BuiltIn">
<arg>The API key is filled as a string</arg>
<doc>Logs the given message with the given level.</doc>
<msg timestamp="20230708 15:33:19.735" level="INFO">The API key is filled as a string</msg>
<status status="PASS" starttime="20230708 15:33:19.735" endtime="20230708 15:33:19.736"/>
</kw>
<status status="PASS" starttime="20230708 15:33:19.728" endtime="20230708 15:33:19.736"/>
</kw>
<kw name="Launch tag test - selection" library="process_practice">
<var>${result}</var>
<kw name="Get Selection From User" library="Dialogs">
<var>${tag_name}</var>
<arg>Select a tag to execute a test</arg>
<arg>smoke</arg>
<arg>sanity</arg>
<arg>regression</arg>
<arg>chat</arg>
<doc>Pauses execution and asks user to select a value.</doc>
<msg timestamp="20230708 15:33:22.446" level="INFO">${tag_name} = chat</msg>
<status status="PASS" starttime="20230708 15:33:19.738" endtime="20230708 15:33:22.453"/>
</kw>
<kw name="Launch Py Tags Test" library="python_tag_class">
<var>${result}</var>
<arg>${tag_name}</arg>
<msg timestamp="20230708 15:33:23.206" level="INFO">${result} = 252</msg>
<status status="PASS" starttime="20230708 15:33:22.454" endtime="20230708 15:33:23.206"/>
</kw>
<kw name="Should Be Equal As Integers" library="BuiltIn">
<arg>${result}</arg>
<arg>0</arg>
<doc>Fails if objects are unequal after converting them to integers.</doc>
<msg timestamp="20230708 15:33:23.207" level="INFO">Argument types are:
&lt;class 'int'&gt;
&lt;class 'str'&gt;</msg>
<msg timestamp="20230708 15:33:23.207" level="FAIL">252 != 0</msg>
<status status="FAIL" starttime="20230708 15:33:23.206" endtime="20230708 15:33:23.210"/>
</kw>
<kw name="Log" library="BuiltIn">
<arg>The return code is ${result}</arg>
<doc>Logs the given message with the given level.</doc>
<status status="NOT RUN" starttime="20230708 15:33:23.210" endtime="20230708 15:33:23.210"/>
</kw>
<kw name="Log To Console" library="BuiltIn">
<arg>The return code is ${result}</arg>
<doc>Logs the given message to the console.</doc>
<status status="NOT RUN" starttime="20230708 15:33:23.211" endtime="20230708 15:33:23.213"/>
</kw>
<status status="FAIL" starttime="20230708 15:33:19.737" endtime="20230708 15:33:23.215"/>
</kw>
<kw name="Log" library="BuiltIn">
<arg>${result}</arg>
<doc>Logs the given message with the given level.</doc>
<status status="NOT RUN" starttime="20230708 15:33:23.218" endtime="20230708 15:33:23.218"/>
</kw>
<tag>chat</tag>
<status status="FAIL" starttime="20230708 15:33:19.727" endtime="20230708 15:33:23.220">252 != 0</status>
</test>
<doc>To execute a test case using a tag, write this command in the terminal :robot -d results -i Smoke Tests/Tags.robot
For further information: https://testersdock.com/robot-framework-tags/</doc>
<status status="FAIL" starttime="20230708 15:33:19.176" endtime="20230708 15:33:23.222"/>
</suite>
<statistics>
<total>
<stat pass="0" fail="1" skip="0">All Tests</stat>
</total>
<tag>
<stat pass="0" fail="1" skip="0">chat</stat>
</tag>
<suite>
<stat pass="0" fail="1" skip="0" id="s1" name="Chatgpt Test Cases">Chatgpt Test Cases</stat>
</suite>
</statistics>
<errors>
</errors>
</robot>
