<?xml version="1.0" encoding="UTF-8"?>
<robot generator="Robot 6.1 (Python 3.10.5 on win32)" generated="20230709 17:30:41.772" rpa="false" schemaversion="4">
<suite id="s1" name="Archives And Documents" source="d:\Sauvegarde travaux Cham\Robot_Framework\Robot_Framework_practice\documents\archives_and_documents.robot">
<test id="s1-t1" name="PDF File" line="17">
<kw name="Open and zip a PDF file">
<arg>documents\\pdf_origine.zip</arg>
<arg>d:\\Sauvegarde travaux Cham\\Robot_Framework\\Robot_Framework_practice\\documents${/}extracted_zip_archive</arg>
<kw name="Extract Archive" library="RPA.Archive">
<arg>${file_path}</arg>
<arg>${output_path}</arg>
<doc>Extract files from archive into local directory</doc>
<status status="PASS" starttime="20230709 17:30:42.169" endtime="20230709 17:30:42.175"/>
</kw>
<kw name="Open Pdf" library="RPA.PDF">
<var>${opened_pdf_file}</var>
<arg>${extracted_pdf}</arg>
<doc>Open a PDF document for reading.</doc>
<msg timestamp="20230709 17:30:42.185" level="INFO">${opened_pdf_file} = None</msg>
<status status="PASS" starttime="20230709 17:30:42.176" endtime="20230709 17:30:42.188"/>
</kw>
<kw name="Get Text From Pdf" library="RPA.PDF">
<var>${text_pdf_file}</var>
<arg>${opened_pdf_file}</arg>
<doc>Get text from set of pages in source PDF document.</doc>
<msg timestamp="20230709 17:30:42.204" level="INFO">${text_pdf_file} = {1: '# Commentaire 1\nPremière ligne\nDeuxième ligne# Commentaire 2\n Troisième ligne à supprimer car elle commence par un espace\n# Commentaire 3\nBonjour\nAu revoir\nSalut'}</msg>
<status status="PASS" starttime="20230709 17:30:42.189" endtime="20230709 17:30:42.205"/>
</kw>
<kw name="Log" library="BuiltIn">
<arg>${text_pdf_file}</arg>
<doc>Logs the given message with the given level.</doc>
<msg timestamp="20230709 17:30:42.205" level="INFO">{1: '# Commentaire 1\nPremière ligne\nDeuxième ligne# Commentaire 2\n Troisième ligne à supprimer car elle commence par un espace\n# Commentaire 3\nBonjour\nAu revoir\nSalut'}</msg>
<status status="PASS" starttime="20230709 17:30:42.205" endtime="20230709 17:30:42.205"/>
</kw>
<status status="PASS" starttime="20230709 17:30:42.168" endtime="20230709 17:30:42.205"/>
</kw>
<status status="PASS" starttime="20230709 17:30:42.167" endtime="20230709 17:30:42.206"/>
</test>
<doc>Testing archive and PDF files like getting the PDF text and insert it in a new zipped text file</doc>
<status status="PASS" starttime="20230709 17:30:41.783" endtime="20230709 17:30:42.209"/>
</suite>
<statistics>
<total>
<stat pass="1" fail="0" skip="0">All Tests</stat>
</total>
<tag>
</tag>
<suite>
<stat pass="1" fail="0" skip="0" id="s1" name="Archives And Documents">Archives And Documents</stat>
</suite>
</statistics>
<errors>
</errors>
</robot>
