<?xml version="1.0" encoding="UTF-8"?>
<robot generator="Robot 6.1 (Python 3.10.5 on win32)" generated="20230714 11:09:39.057" rpa="false" schemaversion="4">
<suite id="s1" name="Chatgpt Test Cases" source="d:\Sauvegarde travaux Cham\Robot_Framework\Robot_Framework_practice\chatgpt\chatgpt_test_cases.robot">
<test id="s1-t1" name="Test temporaire" line="69">
<kw name="Make sure that the API key is filled" library="api_key" type="SETUP">
<tag>api_key</tag>
<tag>filled_data</tag>
<tag>string_variable</tag>
<doc>We make sure that the API key is filled to connect to ChatGPT.</doc>
<kw name="Should Not Be Empty" library="BuiltIn">
<arg>${var_api_key}</arg>
<doc>Verifies that the given item is not empty.</doc>
<msg timestamp="20230714 11:09:39.715" level="INFO">Length is 51</msg>
<status status="PASS" starttime="20230714 11:09:39.715" endtime="20230714 11:09:39.719"/>
</kw>
<kw name="Should Be String" library="String">
<arg>${var_api_key}</arg>
<doc>Fails if the given ``item`` is not a string.</doc>
<status status="PASS" starttime="20230714 11:09:39.719" endtime="20230714 11:09:39.720"/>
</kw>
<kw name="Log" library="BuiltIn">
<arg>The API key is filled as a string</arg>
<doc>Logs the given message with the given level.</doc>
<msg timestamp="20230714 11:09:39.720" level="INFO">The API key is filled as a string</msg>
<status status="PASS" starttime="20230714 11:09:39.720" endtime="20230714 11:09:39.720"/>
</kw>
<status status="PASS" starttime="20230714 11:09:39.715" endtime="20230714 11:09:39.720"/>
</kw>
<kw name="Get Library Instance" library="BuiltIn">
<var>&amp;{all libs}</var>
<arg>all=True</arg>
<doc>Returns the currently active instance of the specified library.</doc>
<msg timestamp="20230714 11:09:39.723" level="INFO">&amp;{all libs} = { BuiltIn=&lt;robot.libraries.BuiltIn.BuiltIn object at 0x000001CC786E0610&gt; | Reserved=&lt;robot.libraries.Reserved.Reserved object at 0x000001CC787376A0&gt; | Easter=&lt;module 'robot.libraries.Easter' from 'C:\...</msg>
<status status="PASS" starttime="20230714 11:09:39.721" endtime="20230714 11:09:39.725"/>
</kw>
<kw name="Launch tag test with a command line" library="process_practice">
<var>${result}</var>
<arg>robot -d results -i Sanity -i fetch -i smoke chatgpt\\chatgpt_test_cases.robot</arg>
<doc>Execution of a command line through the "Run" keyword in the OperatingSystem library</doc>
<kw name="Run" library="OperatingSystem">
<var>${result}</var>
<arg>${command_line}</arg>
<doc>Runs the given command in the system and returns the output.</doc>
<msg timestamp="20230714 11:09:39.745" level="INFO">Running command 'robot -d results -i Sanity -i fetch -i smoke chatgpt\chatgpt_test_cases.robot 2&gt;&amp;1'.</msg>
<msg timestamp="20230714 11:09:41.695" level="INFO">${result} = ==============================================================================
Chatgpt Test Cases :: To execute a test case using a tag, write this comman...
==========================================...</msg>
<status status="PASS" starttime="20230714 11:09:39.727" endtime="20230714 11:09:41.695"/>
</kw>
<kw name="Log" library="BuiltIn">
<arg>The return code is ${result}</arg>
<doc>Logs the given message with the given level.</doc>
<msg timestamp="20230714 11:09:41.696" level="INFO">The return code is ==============================================================================
Chatgpt Test Cases :: To execute a test case using a tag, write this comman...
==============================================================================
Example Test Case                                                     Left part:  World!
| PASS |
------------------------------------------------------------------------------
Test Case 1                                                           This is test case 1
| PASS |
------------------------------------------------------------------------------
Test Case 4                                                           This is test case 4
| PASS |
------------------------------------------------------------------------------
Test Case 5                                                           This is test case 5
| PASS |
------------------------------------------------------------------------------
Chatgpt Test Cases :: To execute a test case using a tag, write th... | PASS |
4 tests, 4 passed, 0 failed
==============================================================================
Output:  D:\Sauvegarde travaux Cham\Robot_Framework\Robot_Framework_practice\results\output.xml
Log:     D:\Sauvegarde travaux Cham\Robot_Framework\Robot_Framework_practice\results\log.html
Report:  D:\Sauvegarde travaux Cham\Robot_Framework\Robot_Framework_practice\results\report.html</msg>
<status status="PASS" starttime="20230714 11:09:41.696" endtime="20230714 11:09:41.696"/>
</kw>
<kw name="Log To Console" library="BuiltIn">
<arg>The return code is ${result}</arg>
<doc>Logs the given message to the console.</doc>
<status status="PASS" starttime="20230714 11:09:41.696" endtime="20230714 11:09:41.701"/>
</kw>
<msg timestamp="20230714 11:09:41.701" level="INFO">${result} = None</msg>
<status status="PASS" starttime="20230714 11:09:39.726" endtime="20230714 11:09:41.701"/>
</kw>
<kw name="Log" library="BuiltIn">
<arg>${result}</arg>
<doc>Logs the given message with the given level.</doc>
<msg timestamp="20230714 11:09:41.703" level="INFO">None</msg>
<status status="PASS" starttime="20230714 11:09:41.702" endtime="20230714 11:09:41.703"/>
</kw>
<kw name="Log" library="BuiltIn">
<arg>${all libs}</arg>
<doc>Logs the given message with the given level.</doc>
<msg timestamp="20230714 11:09:41.705" level="INFO">{'BuiltIn': &lt;robot.libraries.BuiltIn.BuiltIn object at 0x000001CC786E0610&gt;, 'Reserved': &lt;robot.libraries.Reserved.Reserved object at 0x000001CC787376A0&gt;, 'Easter': &lt;module 'robot.libraries.Easter' from 'C:\\Users\\Cham\\AppData\\Local\\Programs\\Python\\Python310\\lib\\site-packages\\robot\\libraries\\Easter.py'&gt;, 'RPA.OpenAI': &lt;RPA.OpenAI.OpenAI object at 0x000001CC78760AC0&gt;, 'String': &lt;robot.libraries.String.String object at 0x000001CC7F3197E0&gt;, 'OperatingSystem': &lt;robot.libraries.OperatingSystem.OperatingSystem object at 0x000001CC7F31B790&gt;, 'Screenshot': &lt;robot.libraries.Screenshot.Screenshot object at 0x000001CC7F871540&gt;, 'python_tag_class': &lt;python_tag_class.python_tag_class object at 0x000001CC7F871900&gt;, 'Dialogs': &lt;module 'robot.libraries.Dialogs' from 'C:\\Users\\Cham\\AppData\\Local\\Programs\\Python\\Python310\\lib\\site-packages\\robot\\libraries\\Dialogs.py'&gt;, 'Collections': &lt;robot.libraries.Collections.Collections object at 0x000001CC7F570520&gt;, 'SeleniumLibrary': &lt;SeleniumLibrary.SeleniumLibrary object at 0x000001CC7F573820&gt;}</msg>
<status status="PASS" starttime="20230714 11:09:41.704" endtime="20230714 11:09:41.707"/>
</kw>
<tag>temporaire</tag>
<status status="PASS" starttime="20230714 11:09:39.714" endtime="20230714 11:09:41.710"/>
</test>
<doc>To execute a test case using a tag, write this command in the terminal :robot -d results -i Smoke Tests/Tags.robot
For further information: https://testersdock.com/robot-framework-tags/</doc>
<status status="PASS" starttime="20230714 11:09:39.067" endtime="20230714 11:09:41.713"/>
</suite>
<statistics>
<total>
<stat pass="1" fail="0" skip="0">All Tests</stat>
</total>
<tag>
<stat pass="1" fail="0" skip="0">temporaire</stat>
</tag>
<suite>
<stat pass="1" fail="0" skip="0" id="s1" name="Chatgpt Test Cases">Chatgpt Test Cases</stat>
</suite>
</statistics>
<errors>
</errors>
</robot>
