<?xml version="1.0" encoding="UTF-8"?>
<robot generator="Robot 5.0.1 (Python 3.10.0 on win32)" generated="20230622 11:07:18.447" rpa="false" schemaversion="3">
<suite id="s1" name="Chatgpt" source="c:\Users\cham.zein\Documents\RF_perso\Robot_Framework_practice-main\Robot_Chatgpt\Chatgpt.robot">
<test id="s1-t1" name="Coucou" line="26">
<kw name="Make sure that the API key is filled" library="api_key" type="SETUP">
<tag>api_key</tag>
<tag>filled_data</tag>
<doc>We make sure that the API key is filled to connect to ChatGPT.</doc>
<kw name="Should Not Be Empty" library="BuiltIn">
<arg>${my_imported_api_key}</arg>
<doc>Verifies that the given item is not empty.</doc>
<msg timestamp="20230622 11:07:19.021" level="INFO">Length is 51</msg>
<status status="PASS" starttime="20230622 11:07:19.021" endtime="20230622 11:07:19.024"/>
</kw>
<kw name="Log" library="BuiltIn">
<arg>The API key is filled. Its value is : ${my_imported_api_key}</arg>
<doc>Logs the given message with the given level.</doc>
<msg timestamp="20230622 11:07:19.024" level="INFO">The API key is filled. Its value is : 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</msg>
<status status="PASS" starttime="20230622 11:07:19.024" endtime="20230622 11:07:19.025"/>
</kw>
<status status="PASS" starttime="20230622 11:07:19.020" endtime="20230622 11:07:19.025"/>
</kw>
<kw name="Evaluate the type of a given variable">
<arg>"Coucou"</arg>
<doc>Give in arguments the expected variable and its type</doc>
<kw name="Evaluate" library="BuiltIn">
<var>${variable_type}</var>
<arg>type(${given_variable})</arg>
<doc>Evaluates the given expression in Python and returns the result.</doc>
<msg timestamp="20230622 11:07:19.028" level="INFO">${variable_type} = &lt;class 'str'&gt;</msg>
<status status="PASS" starttime="20230622 11:07:19.027" endtime="20230622 11:07:19.028"/>
</kw>
<status status="PASS" starttime="20230622 11:07:19.026" endtime="20230622 11:07:19.029"/>
</kw>
<kw name="Log" library="BuiltIn">
<arg>Coucou !</arg>
<doc>Logs the given message with the given level.</doc>
<msg timestamp="20230622 11:07:19.030" level="INFO">Coucou !</msg>
<status status="PASS" starttime="20230622 11:07:19.029" endtime="20230622 11:07:19.030"/>
</kw>
<tag>salutations</tag>
<status status="PASS" starttime="20230622 11:07:19.019" endtime="20230622 11:07:19.031"/>
</test>
<status status="PASS" starttime="20230622 11:07:18.453" endtime="20230622 11:07:19.033"/>
</suite>
<statistics>
<total>
<stat pass="1" fail="0" skip="0">All Tests</stat>
</total>
<tag>
<stat pass="1" fail="0" skip="0">salutations</stat>
</tag>
<suite>
<stat pass="1" fail="0" skip="0" id="s1" name="Chatgpt">Chatgpt</stat>
</suite>
</statistics>
<errors>
</errors>
</robot>
