<?xml version="1.0" encoding="UTF-8"?>
<robot generator="Robot 6.1 (Python 3.10.5 on win32)" generated="20230708 00:51:25.184" rpa="false" schemaversion="4">
<suite id="s1" name="Process Practice" source="d:\Sauvegarde travaux Cham\Robot_Framework\Robot_Framework_practice\process\process_practice.robot">
<test id="s1-t1" name="Test Case 1" line="11">
<kw name="Log To Console" library="BuiltIn">
<arg>This is test case 1</arg>
<doc>Logs the given message to the console.</doc>
<status status="PASS" starttime="20230708 00:51:25.221" endtime="20230708 00:51:25.222"/>
</kw>
<tag>Smoke</tag>
<status status="PASS" starttime="20230708 00:51:25.221" endtime="20230708 00:51:25.222"/>
</test>
<test id="s1-t2" name="Test Case 4" line="23">
<kw name="Log To Console" library="BuiltIn">
<arg>This is test case 4</arg>
<doc>Logs the given message to the console.</doc>
<status status="PASS" starttime="20230708 00:51:25.223" endtime="20230708 00:51:25.223"/>
</kw>
<tag>Smoke</tag>
<status status="PASS" starttime="20230708 00:51:25.222" endtime="20230708 00:51:25.223"/>
</test>
<doc>Tags in Robot Framework</doc>
<status status="PASS" starttime="20230708 00:51:25.190" endtime="20230708 00:51:25.223"/>
</suite>
<statistics>
<total>
<stat pass="2" fail="0" skip="0">All Tests</stat>
</total>
<tag>
<stat pass="2" fail="0" skip="0">Smoke</stat>
</tag>
<suite>
<stat pass="2" fail="0" skip="0" id="s1" name="Process Practice">Process Practice</stat>
</suite>
</statistics>
<errors>
</errors>
</robot>
