<?xml version="1.0" encoding="UTF-8"?>
<robot generator="Robot 6.1 (Python 3.10.5 on win32)" generated="20230708 16:36:15.115" rpa="false" schemaversion="4">
<suite id="s1" name="Chatgpt Test Cases" source="D:\Sauvegarde travaux Cham\Robot_Framework\Robot_Framework_practice\chatgpt\chatgpt_test_cases.robot">
<test id="s1-t1" name="Example Test Case" line="74">
<kw name="Make sure that the API key is filled" library="api_key" type="SETUP">
<tag>api_key</tag>
<tag>filled_data</tag>
<tag>string_variable</tag>
<doc>We make sure that the API key is filled to connect to ChatGPT.</doc>
<kw name="Should Not Be Empty" library="BuiltIn">
<arg>${var_api_key}</arg>
<doc>Verifies that the given item is not empty.</doc>
<msg timestamp="20230708 16:36:15.607" level="INFO">Length is 51</msg>
<status status="PASS" starttime="20230708 16:36:15.607" endtime="20230708 16:36:15.607"/>
</kw>
<kw name="Should Be String" library="String">
<arg>${var_api_key}</arg>
<doc>Fails if the given ``item`` is not a string.</doc>
<status status="PASS" starttime="20230708 16:36:15.607" endtime="20230708 16:36:15.608"/>
</kw>
<kw name="Log" library="BuiltIn">
<arg>The API key is filled as a string</arg>
<doc>Logs the given message with the given level.</doc>
<msg timestamp="20230708 16:36:15.608" level="INFO">The API key is filled as a string</msg>
<status status="PASS" starttime="20230708 16:36:15.608" endtime="20230708 16:36:15.608"/>
</kw>
<status status="PASS" starttime="20230708 16:36:15.607" endtime="20230708 16:36:15.608"/>
</kw>
<kw name="Set Variable" library="BuiltIn">
<var>${input_string}</var>
<arg>Hello, World!</arg>
<doc>Returns the given values which can then be assigned to a variables.</doc>
<msg timestamp="20230708 16:36:15.608" level="INFO">${input_string} = Hello, World!</msg>
<status status="PASS" starttime="20230708 16:36:15.608" endtime="20230708 16:36:15.608"/>
</kw>
<kw name="Fetch From Right" library="String">
<var>${left_part}</var>
<arg>${input_string}</arg>
<arg>,</arg>
<doc>Returns contents of the ``string`` after the last occurrence of ``marker``.</doc>
<msg timestamp="20230708 16:36:15.609" level="INFO">${left_part} =  World!</msg>
<status status="PASS" starttime="20230708 16:36:15.609" endtime="20230708 16:36:15.609"/>
</kw>
<kw name="Log" library="BuiltIn">
<arg>Left part: ${left_part}</arg>
<doc>Logs the given message with the given level.</doc>
<msg timestamp="20230708 16:36:15.609" level="INFO">Left part:  World!</msg>
<status status="PASS" starttime="20230708 16:36:15.609" endtime="20230708 16:36:15.609"/>
</kw>
<kw name="Log To Console" library="BuiltIn">
<arg>Left part: ${left_part}</arg>
<doc>Logs the given message to the console.</doc>
<status status="PASS" starttime="20230708 16:36:15.610" endtime="20230708 16:36:15.610"/>
</kw>
<kw name="Take Screenshot" library="Screenshot">
<doc>Takes a screenshot in JPEG format and embeds it into the log file.</doc>
<msg timestamp="20230708 16:36:15.799" level="INFO" html="true">&lt;a href="screenshot_1.jpg"&gt;&lt;img src="screenshot_1.jpg" width="800px"&gt;&lt;/a&gt;</msg>
<status status="PASS" starttime="20230708 16:36:15.610" endtime="20230708 16:36:15.799"/>
</kw>
<tag>fetch</tag>
<status status="PASS" starttime="20230708 16:36:15.606" endtime="20230708 16:36:15.800"/>
</test>
<doc>To execute a test case using a tag, write this command in the terminal :robot -d results -i Smoke Tests/Tags.robot
For further information: https://testersdock.com/robot-framework-tags/</doc>
<status status="PASS" starttime="20230708 16:36:15.120" endtime="20230708 16:36:15.802"/>
</suite>
<statistics>
<total>
<stat pass="1" fail="0" skip="0">All Tests</stat>
</total>
<tag>
<stat pass="1" fail="0" skip="0">fetch</stat>
</tag>
<suite>
<stat pass="1" fail="0" skip="0" id="s1" name="Chatgpt Test Cases">Chatgpt Test Cases</stat>
</suite>
</statistics>
<errors>
</errors>
</robot>
