<?xml version="1.0" encoding="UTF-8"?>
<robot generator="Robot 6.1 (Python 3.10.5 on win32)" generated="20230708 15:23:22.229" rpa="false" schemaversion="4">
<suite id="s1" name="Process Practice" source="D:\Sauvegarde travaux Cham\Robot_Framework\Robot_Framework_practice\process\process_practice.robot">
<test id="s1-t1" name="Test Case 2" line="16">
<kw name="Log To Console" library="BuiltIn">
<arg>This is test case 2</arg>
<doc>Logs the given message to the console.</doc>
<status status="PASS" starttime="20230708 15:23:22.295" endtime="20230708 15:23:22.295"/>
</kw>
<tag>regression</tag>
<status status="PASS" starttime="20230708 15:23:22.294" endtime="20230708 15:23:22.295"/>
</test>
<test id="s1-t2" name="Test Case 3" line="20">
<kw name="Log To Console" library="BuiltIn">
<arg>This is test case 3</arg>
<doc>Logs the given message to the console.</doc>
<status status="PASS" starttime="20230708 15:23:22.298" endtime="20230708 15:23:22.300"/>
</kw>
<tag>regression</tag>
<status status="PASS" starttime="20230708 15:23:22.297" endtime="20230708 15:23:22.302"/>
</test>
<doc>Tags testing in Robot Framework</doc>
<status status="PASS" starttime="20230708 15:23:22.237" endtime="20230708 15:23:22.303"/>
</suite>
<statistics>
<total>
<stat pass="2" fail="0" skip="0">All Tests</stat>
</total>
<tag>
<stat pass="2" fail="0" skip="0">regression</stat>
</tag>
<suite>
<stat pass="2" fail="0" skip="0" id="s1" name="Process Practice">Process Practice</stat>
</suite>
</statistics>
<errors>
</errors>
</robot>
