<?xml version="1.0" encoding="UTF-8"?>
<robot generator="Robot 6.1 (Python 3.10.11 on win32)" generated="20230716 16:53:02.416" rpa="false" schemaversion="4">
<suite id="s1" name="Chatgpt Test Cases" source="D:\Sauvegarde travaux Cham\Robot_Framework\Robot_Framework_practice\chatgpt\chatgpt_test_cases.robot">
<test id="s1-t1" name="Test Case 1" line="86">
<kw name="Make sure that the API key is filled" library="api_key" type="SETUP">
<tag>api_key</tag>
<tag>filled_data</tag>
<tag>string_variable</tag>
<doc>We make sure that the API key is filled to connect to ChatGPT.</doc>
<kw name="Should Not Be Empty" library="BuiltIn">
<arg>${var_api_key}</arg>
<doc>Verifies that the given item is not empty.</doc>
<msg timestamp="20230716 16:53:03.516" level="INFO">Length is 51</msg>
<status status="PASS" starttime="20230716 16:53:03.515" endtime="20230716 16:53:03.516"/>
</kw>
<kw name="Should Be String" library="String">
<arg>${var_api_key}</arg>
<doc>Fails if the given ``item`` is not a string.</doc>
<status status="PASS" starttime="20230716 16:53:03.516" endtime="20230716 16:53:03.517"/>
</kw>
<kw name="Log" library="BuiltIn">
<arg>The API key is filled as a string</arg>
<doc>Logs the given message with the given level.</doc>
<msg timestamp="20230716 16:53:03.517" level="INFO">The API key is filled as a string</msg>
<status status="PASS" starttime="20230716 16:53:03.517" endtime="20230716 16:53:03.517"/>
</kw>
<status status="PASS" starttime="20230716 16:53:03.515" endtime="20230716 16:53:03.517"/>
</kw>
<kw name="Log To Console" library="BuiltIn">
<arg>This is test case 1</arg>
<doc>Logs the given message to the console.</doc>
<status status="PASS" starttime="20230716 16:53:03.517" endtime="20230716 16:53:03.518"/>
</kw>
<tag>Smoke</tag>
<status status="PASS" starttime="20230716 16:53:03.514" endtime="20230716 16:53:03.518"/>
</test>
<test id="s1-t2" name="Test Case 4" line="98">
<kw name="Make sure that the API key is filled" library="api_key" type="SETUP">
<tag>api_key</tag>
<tag>filled_data</tag>
<tag>string_variable</tag>
<doc>We make sure that the API key is filled to connect to ChatGPT.</doc>
<kw name="Should Not Be Empty" library="BuiltIn">
<arg>${var_api_key}</arg>
<doc>Verifies that the given item is not empty.</doc>
<msg timestamp="20230716 16:53:03.519" level="INFO">Length is 51</msg>
<status status="PASS" starttime="20230716 16:53:03.519" endtime="20230716 16:53:03.519"/>
</kw>
<kw name="Should Be String" library="String">
<arg>${var_api_key}</arg>
<doc>Fails if the given ``item`` is not a string.</doc>
<status status="PASS" starttime="20230716 16:53:03.519" endtime="20230716 16:53:03.520"/>
</kw>
<kw name="Log" library="BuiltIn">
<arg>The API key is filled as a string</arg>
<doc>Logs the given message with the given level.</doc>
<msg timestamp="20230716 16:53:03.520" level="INFO">The API key is filled as a string</msg>
<status status="PASS" starttime="20230716 16:53:03.520" endtime="20230716 16:53:03.520"/>
</kw>
<status status="PASS" starttime="20230716 16:53:03.519" endtime="20230716 16:53:03.520"/>
</kw>
<kw name="Log To Console" library="BuiltIn">
<arg>This is test case 4</arg>
<doc>Logs the given message to the console.</doc>
<status status="PASS" starttime="20230716 16:53:03.520" endtime="20230716 16:53:03.520"/>
</kw>
<tag>Smoke</tag>
<status status="PASS" starttime="20230716 16:53:03.518" endtime="20230716 16:53:03.521"/>
</test>
<doc>To execute a test case using a tag, write this command in the terminal :robot -d results -i Smoke Tests/Tags.robot
For further information: https://testersdock.com/robot-framework-tags/</doc>
<status status="PASS" starttime="20230716 16:53:02.421" endtime="20230716 16:53:03.521"/>
</suite>
<statistics>
<total>
<stat pass="2" fail="0" skip="0">All Tests</stat>
</total>
<tag>
<stat pass="2" fail="0" skip="0">Smoke</stat>
</tag>
<suite>
<stat pass="2" fail="0" skip="0" id="s1" name="Chatgpt Test Cases">Chatgpt Test Cases</stat>
</suite>
</statistics>
<errors>
</errors>
</robot>
