<?xml version="1.0" encoding="UTF-8"?>
<robot generator="Robot 6.1 (Python 3.10.5 on win32)" generated="20230709 12:12:07.506" rpa="false" schemaversion="4">
<suite id="s1" name="Chatgpt Test Cases" source="D:\Sauvegarde travaux Cham\Robot_Framework\Robot_Framework_practice\chatgpt\chatgpt_test_cases.robot">
<test id="s1-t1" name="Example Test Case" line="77">
<kw name="Make sure that the API key is filled" library="api_key" type="SETUP">
<tag>api_key</tag>
<tag>filled_data</tag>
<tag>string_variable</tag>
<doc>We make sure that the API key is filled to connect to ChatGPT.</doc>
<kw name="Should Not Be Empty" library="BuiltIn">
<arg>${var_api_key}</arg>
<doc>Verifies that the given item is not empty.</doc>
<msg timestamp="20230709 12:12:08.027" level="INFO">Length is 51</msg>
<status status="PASS" starttime="20230709 12:12:08.027" endtime="20230709 12:12:08.027"/>
</kw>
<kw name="Should Be String" library="String">
<arg>${var_api_key}</arg>
<doc>Fails if the given ``item`` is not a string.</doc>
<status status="PASS" starttime="20230709 12:12:08.027" endtime="20230709 12:12:08.027"/>
</kw>
<kw name="Log" library="BuiltIn">
<arg>The API key is filled as a string</arg>
<doc>Logs the given message with the given level.</doc>
<msg timestamp="20230709 12:12:08.027" level="INFO">The API key is filled as a string</msg>
<status status="PASS" starttime="20230709 12:12:08.027" endtime="20230709 12:12:08.028"/>
</kw>
<status status="PASS" starttime="20230709 12:12:08.027" endtime="20230709 12:12:08.028"/>
</kw>
<kw name="Set Variable" library="BuiltIn">
<var>${input_string}</var>
<arg>Hello, World!</arg>
<doc>Returns the given values which can then be assigned to a variables.</doc>
<msg timestamp="20230709 12:12:08.028" level="INFO">${input_string} = Hello, World!</msg>
<status status="PASS" starttime="20230709 12:12:08.028" endtime="20230709 12:12:08.028"/>
</kw>
<kw name="Fetch From Right" library="String">
<var>${left_part}</var>
<arg>${input_string}</arg>
<arg>,</arg>
<doc>Returns contents of the ``string`` after the last occurrence of ``marker``.</doc>
<msg timestamp="20230709 12:12:08.029" level="INFO">${left_part} =  World!</msg>
<status status="PASS" starttime="20230709 12:12:08.029" endtime="20230709 12:12:08.029"/>
</kw>
<kw name="Log" library="BuiltIn">
<arg>Left part: ${left_part}</arg>
<doc>Logs the given message with the given level.</doc>
<msg timestamp="20230709 12:12:08.030" level="INFO">Left part:  World!</msg>
<status status="PASS" starttime="20230709 12:12:08.030" endtime="20230709 12:12:08.030"/>
</kw>
<kw name="Log To Console" library="BuiltIn">
<arg>Left part: ${left_part}</arg>
<doc>Logs the given message to the console.</doc>
<status status="PASS" starttime="20230709 12:12:08.030" endtime="20230709 12:12:08.031"/>
</kw>
<tag>fetch</tag>
<status status="PASS" starttime="20230709 12:12:08.026" endtime="20230709 12:12:08.031"/>
</test>
<test id="s1-t2" name="Test Case 1" line="85">
<kw name="Make sure that the API key is filled" library="api_key" type="SETUP">
<tag>api_key</tag>
<tag>filled_data</tag>
<tag>string_variable</tag>
<doc>We make sure that the API key is filled to connect to ChatGPT.</doc>
<kw name="Should Not Be Empty" library="BuiltIn">
<arg>${var_api_key}</arg>
<doc>Verifies that the given item is not empty.</doc>
<msg timestamp="20230709 12:12:08.033" level="INFO">Length is 51</msg>
<status status="PASS" starttime="20230709 12:12:08.033" endtime="20230709 12:12:08.033"/>
</kw>
<kw name="Should Be String" library="String">
<arg>${var_api_key}</arg>
<doc>Fails if the given ``item`` is not a string.</doc>
<status status="PASS" starttime="20230709 12:12:08.033" endtime="20230709 12:12:08.033"/>
</kw>
<kw name="Log" library="BuiltIn">
<arg>The API key is filled as a string</arg>
<doc>Logs the given message with the given level.</doc>
<msg timestamp="20230709 12:12:08.033" level="INFO">The API key is filled as a string</msg>
<status status="PASS" starttime="20230709 12:12:08.033" endtime="20230709 12:12:08.033"/>
</kw>
<status status="PASS" starttime="20230709 12:12:08.032" endtime="20230709 12:12:08.033"/>
</kw>
<kw name="Log To Console" library="BuiltIn">
<arg>This is test case 1</arg>
<doc>Logs the given message to the console.</doc>
<status status="PASS" starttime="20230709 12:12:08.034" endtime="20230709 12:12:08.035"/>
</kw>
<tag>Smoke</tag>
<status status="PASS" starttime="20230709 12:12:08.032" endtime="20230709 12:12:08.036"/>
</test>
<test id="s1-t3" name="Test Case 4" line="97">
<kw name="Make sure that the API key is filled" library="api_key" type="SETUP">
<tag>api_key</tag>
<tag>filled_data</tag>
<tag>string_variable</tag>
<doc>We make sure that the API key is filled to connect to ChatGPT.</doc>
<kw name="Should Not Be Empty" library="BuiltIn">
<arg>${var_api_key}</arg>
<doc>Verifies that the given item is not empty.</doc>
<msg timestamp="20230709 12:12:08.038" level="INFO">Length is 51</msg>
<status status="PASS" starttime="20230709 12:12:08.038" endtime="20230709 12:12:08.038"/>
</kw>
<kw name="Should Be String" library="String">
<arg>${var_api_key}</arg>
<doc>Fails if the given ``item`` is not a string.</doc>
<status status="PASS" starttime="20230709 12:12:08.038" endtime="20230709 12:12:08.038"/>
</kw>
<kw name="Log" library="BuiltIn">
<arg>The API key is filled as a string</arg>
<doc>Logs the given message with the given level.</doc>
<msg timestamp="20230709 12:12:08.038" level="INFO">The API key is filled as a string</msg>
<status status="PASS" starttime="20230709 12:12:08.038" endtime="20230709 12:12:08.038"/>
</kw>
<status status="PASS" starttime="20230709 12:12:08.038" endtime="20230709 12:12:08.039"/>
</kw>
<kw name="Log To Console" library="BuiltIn">
<arg>This is test case 4</arg>
<doc>Logs the given message to the console.</doc>
<status status="PASS" starttime="20230709 12:12:08.039" endtime="20230709 12:12:08.039"/>
</kw>
<tag>Smoke</tag>
<status status="PASS" starttime="20230709 12:12:08.037" endtime="20230709 12:12:08.040"/>
</test>
<test id="s1-t4" name="Test Case 5" line="101">
<kw name="Make sure that the API key is filled" library="api_key" type="SETUP">
<tag>api_key</tag>
<tag>filled_data</tag>
<tag>string_variable</tag>
<doc>We make sure that the API key is filled to connect to ChatGPT.</doc>
<kw name="Should Not Be Empty" library="BuiltIn">
<arg>${var_api_key}</arg>
<doc>Verifies that the given item is not empty.</doc>
<msg timestamp="20230709 12:12:08.043" level="INFO">Length is 51</msg>
<status status="PASS" starttime="20230709 12:12:08.043" endtime="20230709 12:12:08.043"/>
</kw>
<kw name="Should Be String" library="String">
<arg>${var_api_key}</arg>
<doc>Fails if the given ``item`` is not a string.</doc>
<status status="PASS" starttime="20230709 12:12:08.043" endtime="20230709 12:12:08.043"/>
</kw>
<kw name="Log" library="BuiltIn">
<arg>The API key is filled as a string</arg>
<doc>Logs the given message with the given level.</doc>
<msg timestamp="20230709 12:12:08.043" level="INFO">The API key is filled as a string</msg>
<status status="PASS" starttime="20230709 12:12:08.043" endtime="20230709 12:12:08.043"/>
</kw>
<status status="PASS" starttime="20230709 12:12:08.042" endtime="20230709 12:12:08.043"/>
</kw>
<kw name="Log To Console" library="BuiltIn">
<arg>This is test case 5</arg>
<doc>Logs the given message to the console.</doc>
<status status="PASS" starttime="20230709 12:12:08.044" endtime="20230709 12:12:08.044"/>
</kw>
<tag>Sanity</tag>
<status status="PASS" starttime="20230709 12:12:08.041" endtime="20230709 12:12:08.044"/>
</test>
<doc>To execute a test case using a tag, write this command in the terminal :robot -d results -i Smoke Tests/Tags.robot
For further information: https://testersdock.com/robot-framework-tags/</doc>
<status status="PASS" starttime="20230709 12:12:07.510" endtime="20230709 12:12:08.046"/>
</suite>
<statistics>
<total>
<stat pass="4" fail="0" skip="0">All Tests</stat>
</total>
<tag>
<stat pass="1" fail="0" skip="0">fetch</stat>
<stat pass="1" fail="0" skip="0">Sanity</stat>
<stat pass="2" fail="0" skip="0">Smoke</stat>
</tag>
<suite>
<stat pass="4" fail="0" skip="0" id="s1" name="Chatgpt Test Cases">Chatgpt Test Cases</stat>
</suite>
</statistics>
<errors>
</errors>
</robot>
